<html>
<head>
<title>TestNG:  Default test</title>
<link href="../testng.css" rel="stylesheet" type="text/css" />
<link href="../my-testng.css" rel="stylesheet" type="text/css" />

<style type="text/css">
.log { display: none;} 
.stack-trace { display: none;} 
</style>
<script type="text/javascript">
<!--
function flip(e) {
  current = e.style.display;
  if (current == 'block') {
    e.style.display = 'none';
    return 0;
  }
  else {
    e.style.display = 'block';
    return 1;
  }
}

function toggleBox(szDivId, elem, msg1, msg2)
{
  var res = -1;  if (document.getElementById) {
    res = flip(document.getElementById(szDivId));
  }
  else if (document.all) {
    // this is the way old msie versions work
    res = flip(document.all[szDivId]);
  }
  if(elem) {
    if(res == 0) elem.innerHTML = msg1; else elem.innerHTML = msg2;
  }

}

function toggleAllBoxes() {
  if (document.getElementsByTagName) {
    d = document.getElementsByTagName('div');
    for (i = 0; i < d.length; i++) {
      if (d[i].className == 'log') {
        flip(d[i]);
      }
    }
  }
}

// -->
</script>

</head>
<body>
<h2 align='center'>Default test</h2><table border='1' align="center">
<tr>
<td>Tests passed/Failed/Skipped:</td><td>0/2/0</td>
</tr><tr>
<td>Started on:</td><td>Sun Mar 02 16:48:01 GMT 2025</td>
</tr>
<tr><td>Total time:</td><td>25 seconds (25288 ms)</td>
</tr><tr>
<td>Included groups:</td><td></td>
</tr><tr>
<td>Excluded groups:</td><td></td>
</tr>
</table><p/>
<small><i>(Hover the method name to see the test class name)</i></small><p/>
<table width='100%' border='1' class='invocation-failed'>
<tr><td colspan='4' align='center'><b>FAILED TESTS</b></td></tr>
<tr><td><b>Test method</b></td>
<td><b>Attribute(s)</b></td>
<td width="30%"><b>Exception</b></td>
<td width="10%"><b>Time (seconds)</b></td>
<td><b>Instance</b></td>
</tr>
<tr>
<td title='runner.Runner.runScenario()'><b>runScenario</b><br>Test class: runner.Runner<br>Test method: Runs Cucumber Scenarios<br>Parameters: "User is able to Login successfully", "BookCart Login page"</td>
<td><div><pre>java.lang.NullPointerException: Cannot invoke &quot;org.openqa.selenium.WebDriver.findElement(org.openqa.selenium.By)&quot; because &quot;this.driver&quot; is null
	at steps.Loginpage.clicks_on_login_button(Loginpage.java:18)
	at ✽.Clicks on Login button(file:///C:/Users/sanim/JavaPrograms/CucumberBasics/src/test/java/features/Login.feature:24)
</pre></div><a href='#' onClick='toggleBox("stack-trace1971283804", this, "Click to show all stack frames", "Click to hide stack frames")'>Click to show all stack frames</a>
<div class='stack-trace' id='stack-trace1971283804'><pre>java.lang.NullPointerException: Cannot invoke &quot;org.openqa.selenium.WebDriver.findElement(org.openqa.selenium.By)&quot; because &quot;this.driver&quot; is null
	at steps.Loginpage.clicks_on_login_button(Loginpage.java:18)
	at ✽.Clicks on Login button(file:///C:/Users/sanim/JavaPrograms/CucumberBasics/src/test/java/features/Login.feature:24)
</pre></div></td>
<td>6</td>
<td>runner.Runner@1bb5a082</td></tr>
<tr>
<td title='runner.Runner.runScenario()'><b>runScenario</b><br>Test class: runner.Runner<br>Test method: Runs Cucumber Scenarios<br>Parameters: "User is able to register successfully", "BookCart Registration page"</td>
<td><div><pre>java.lang.AssertionError: expected [Register] but found [Login]
	at org.testng.Assert.fail(Assert.java:110)
	at org.testng.Assert.failNotEquals(Assert.java:1413)
	at org.testng.Assert.assertEqualsImpl(Assert.java:149)
	at org.testng.Assert.assertEquals(Assert.java:131)
	at org.testng.Assert.assertEquals(Assert.java:655)
	at org.testng.Assert.assertEquals(Assert.java:665)
	at steps.Registerpage.login_page_should_display(Registerpage.java:64)
	at ✽.Login page should display(file:///C:/Users/sanim/JavaPrograms/CucumberBasics/src/test/java/features/Register.feature:27)
</pre></div><a href='#' onClick='toggleBox("stack-trace1545666472", this, "Click to show all stack frames", "Click to hide stack frames")'>Click to show all stack frames</a>
<div class='stack-trace' id='stack-trace1545666472'><pre>java.lang.AssertionError: expected [Register] but found [Login]
	at org.testng.Assert.fail(Assert.java:110)
	at org.testng.Assert.failNotEquals(Assert.java:1413)
	at org.testng.Assert.assertEqualsImpl(Assert.java:149)
	at org.testng.Assert.assertEquals(Assert.java:131)
	at org.testng.Assert.assertEquals(Assert.java:655)
	at org.testng.Assert.assertEquals(Assert.java:665)
	at steps.Registerpage.login_page_should_display(Registerpage.java:64)
	at ✽.Login page should display(file:///C:/Users/sanim/JavaPrograms/CucumberBasics/src/test/java/features/Register.feature:27)
</pre></div></td>
<td>18</td>
<td>runner.Runner@1bb5a082</td></tr>
</table><p>
</body>
</html>