{"uuid":"282e1acd-34c1-4720-8047-f6b301ad0ea4","historyId":"3b81907914f5a4d3e63f1f244db72ce2","testCaseId":"edb60e8a77aeec35e80c18ded715f72d","fullName":"src/test/java/features/Register.feature:22","labels":[{"name":"tag","value":"reg"},{"name":"host","value":"Sani"},{"name":"thread","value":"6960@Sani.main(1)"},{"name":"feature","value":"BookCart Registration page"},{"name":"story","value":"User is able to register successfully"},{"name":"suite","value":"BookCart Registration page"},{"name":"testClass","value":"User is able to register successfully"},{"name":"framework","value":"cucumber4jvm"},{"name":"language","value":"java"},{"name":"gherkin_uri","value":"file:///C:/Users/sanim/JavaPrograms/CucumberBasics/src/test/java/features/Register.feature"},{"name":"package","value":"src.test.java.features.Register_feature.BookCart Registration page"}],"links":[],"name":"User is able to register successfully","status":"failed","statusDetails":{"known":false,"muted":false,"flaky":false,"message":"expected [Register] but found [Login]","trace":"java.lang.AssertionError: expected [Register] but found [Login]\r\n\tat org.testng.Assert.fail(Assert.java:111)\r\n\tat org.testng.Assert.failNotEquals(Assert.java:1578)\r\n\tat org.testng.Assert.assertEqualsImpl(Assert.java:150)\r\n\tat org.testng.Assert.assertEquals(Assert.java:132)\r\n\tat org.testng.Assert.assertEquals(Assert.java:656)\r\n\tat org.testng.Assert.assertEquals(Assert.java:666)\r\n\tat steps.Registerpage.login_page_should_display(Registerpage.java:107)\r\n\tat ✽.Login page should display(file:///C:/Users/sanim/JavaPrograms/CucumberBasics/src/test/java/features/Register.feature:27)\r\n"},"stage":"finished","steps":[{"name":"And Clicks on Login button and then clicks on Register button","status":"passed","statusDetails":{"known":false,"muted":false,"flaky":false},"stage":"finished","steps":[],"attachments":[],"parameters":[],"start":1742061800714,"stop":1742061816068},{"name":"steps.HooksClass.addScreenshot(io.cucumber.java.Scenario)","status":"passed","statusDetails":{"known":false,"muted":false,"flaky":false},"stage":"finished","steps":[],"attachments":[],"parameters":[],"start":1742061816070,"stop":1742061816072},{"name":"When User enters FirstName, LastName, UserName, Password, ConfirmPwd, selects Gender","status":"passed","statusDetails":{"known":false,"muted":false,"flaky":false},"stage":"finished","steps":[],"attachments":[],"parameters":[],"start":1742061816072,"stop":1742061816538},{"name":"steps.HooksClass.addScreenshot(io.cucumber.java.Scenario)","status":"passed","statusDetails":{"known":false,"muted":false,"flaky":false},"stage":"finished","steps":[],"attachments":[],"parameters":[],"start":1742061816538,"stop":1742061816538},{"name":"And clicks on Register button","status":"passed","statusDetails":{"known":false,"muted":false,"flaky":false},"stage":"finished","steps":[],"attachments":[],"parameters":[],"start":1742061816538,"stop":1742061821850},{"name":"steps.HooksClass.addScreenshot(io.cucumber.java.Scenario)","status":"passed","statusDetails":{"known":false,"muted":false,"flaky":false},"stage":"finished","steps":[],"attachments":[],"parameters":[],"start":1742061821850,"stop":1742061821850},{"name":"Then Login page should display","status":"failed","statusDetails":{"known":false,"muted":false,"flaky":false,"message":"expected [Register] but found [Login]","trace":"java.lang.AssertionError: expected [Register] but found [Login]\r\n\tat org.testng.Assert.fail(Assert.java:111)\r\n\tat org.testng.Assert.failNotEquals(Assert.java:1578)\r\n\tat org.testng.Assert.assertEqualsImpl(Assert.java:150)\r\n\tat org.testng.Assert.assertEquals(Assert.java:132)\r\n\tat org.testng.Assert.assertEquals(Assert.java:656)\r\n\tat org.testng.Assert.assertEquals(Assert.java:666)\r\n\tat steps.Registerpage.login_page_should_display(Registerpage.java:107)\r\n\tat ✽.Login page should display(file:///C:/Users/sanim/JavaPrograms/CucumberBasics/src/test/java/features/Register.feature:27)\r\n"},"stage":"finished","steps":[],"attachments":[],"parameters":[],"start":1742061821850,"stop":1742061821897},{"name":"steps.HooksClass.addScreenshot(io.cucumber.java.Scenario)","status":"passed","statusDetails":{"known":false,"muted":false,"flaky":false},"stage":"finished","steps":[],"attachments":[{"name":"screenshot","source":"39a2538b-2273-431d-a559-6dd7d4bd61eb-attachment","type":"image/png"}],"parameters":[],"start":1742061821897,"stop":1742061822068}],"attachments":[],"parameters":[],"start":1742061800713,"stop":1742061822401}