{"uuid":"656b0fe8-80b0-4d58-be82-ef5d0d267df8","historyId":"3b81907914f5a4d3e63f1f244db72ce2","testCaseId":"edb60e8a77aeec35e80c18ded715f72d","fullName":"src/test/java/features/Register.feature:22","labels":[{"name":"tag","value":"reg"},{"name":"host","value":"Sani"},{"name":"thread","value":"17700@Sani.main(1)"},{"name":"feature","value":"BookCart Registration page"},{"name":"story","value":"User is able to register successfully"},{"name":"suite","value":"BookCart Registration page"},{"name":"testClass","value":"User is able to register successfully"},{"name":"framework","value":"cucumber4jvm"},{"name":"language","value":"java"},{"name":"gherkin_uri","value":"file:///C:/Users/sanim/JavaPrograms/CucumberBasics/src/test/java/features/Register.feature"},{"name":"package","value":"src.test.java.features.Register_feature.BookCart Registration page"}],"links":[],"name":"User is able to register successfully","status":"failed","statusDetails":{"known":false,"muted":false,"flaky":false,"message":"expected [Register] but found [Login]","trace":"java.lang.AssertionError: expected [Register] but found [Login]\r\n\tat org.testng.Assert.fail(Assert.java:111)\r\n\tat org.testng.Assert.failNotEquals(Assert.java:1578)\r\n\tat org.testng.Assert.assertEqualsImpl(Assert.java:150)\r\n\tat org.testng.Assert.assertEquals(Assert.java:132)\r\n\tat org.testng.Assert.assertEquals(Assert.java:656)\r\n\tat org.testng.Assert.assertEquals(Assert.java:666)\r\n\tat steps.Registerpage.login_page_should_display(Registerpage.java:107)\r\n\tat ✽.Login page should display(file:///C:/Users/sanim/JavaPrograms/CucumberBasics/src/test/java/features/Register.feature:27)\r\n"},"stage":"finished","steps":[{"name":"And Clicks on Login button and then clicks on Register button","status":"passed","statusDetails":{"known":false,"muted":false,"flaky":false},"stage":"finished","steps":[],"attachments":[],"parameters":[],"start":1742134532347,"stop":1742134581420},{"name":"steps.HooksClass.addScreenshot(io.cucumber.java.Scenario)","status":"passed","statusDetails":{"known":false,"muted":false,"flaky":false},"stage":"finished","steps":[],"attachments":[],"parameters":[],"start":1742134581428,"stop":1742134581432},{"name":"When User enters FirstName, LastName, UserName, Password, ConfirmPwd, selects Gender","status":"passed","statusDetails":{"known":false,"muted":false,"flaky":false},"stage":"finished","steps":[],"attachments":[],"parameters":[],"start":1742134581433,"stop":1742134583014},{"name":"steps.HooksClass.addScreenshot(io.cucumber.java.Scenario)","status":"passed","statusDetails":{"known":false,"muted":false,"flaky":false},"stage":"finished","steps":[],"attachments":[],"parameters":[],"start":1742134583015,"stop":1742134583015},{"name":"And clicks on Register button","status":"passed","statusDetails":{"known":false,"muted":false,"flaky":false},"stage":"finished","steps":[],"attachments":[],"parameters":[],"start":1742134583015,"stop":1742134588799},{"name":"steps.HooksClass.addScreenshot(io.cucumber.java.Scenario)","status":"passed","statusDetails":{"known":false,"muted":false,"flaky":false},"stage":"finished","steps":[],"attachments":[],"parameters":[],"start":1742134588800,"stop":1742134588800},{"name":"Then Login page should display","status":"failed","statusDetails":{"known":false,"muted":false,"flaky":false,"message":"expected [Register] but found [Login]","trace":"java.lang.AssertionError: expected [Register] but found [Login]\r\n\tat org.testng.Assert.fail(Assert.java:111)\r\n\tat org.testng.Assert.failNotEquals(Assert.java:1578)\r\n\tat org.testng.Assert.assertEqualsImpl(Assert.java:150)\r\n\tat org.testng.Assert.assertEquals(Assert.java:132)\r\n\tat org.testng.Assert.assertEquals(Assert.java:656)\r\n\tat org.testng.Assert.assertEquals(Assert.java:666)\r\n\tat steps.Registerpage.login_page_should_display(Registerpage.java:107)\r\n\tat ✽.Login page should display(file:///C:/Users/sanim/JavaPrograms/CucumberBasics/src/test/java/features/Register.feature:27)\r\n"},"stage":"finished","steps":[],"attachments":[],"parameters":[],"start":1742134588800,"stop":1742134588872},{"name":"steps.HooksClass.addScreenshot(io.cucumber.java.Scenario)","status":"passed","statusDetails":{"known":false,"muted":false,"flaky":false},"stage":"finished","steps":[],"attachments":[{"name":"screenshot","source":"114c9d6f-39ec-486f-b895-f3c3f00e868e-attachment","type":"image/png"}],"parameters":[],"start":1742134588876,"stop":1742134589229}],"attachments":[],"parameters":[],"start":1742134532321,"stop":1742134590077}