{"uuid":"9a91e4bf-cbfb-4bfe-8af1-c2a5b79238af","historyId":"3b81907914f5a4d3e63f1f244db72ce2","testCaseId":"edb60e8a77aeec35e80c18ded715f72d","fullName":"src/test/java/features/Register.feature:22","labels":[{"name":"tag","value":"smoke"},{"name":"host","value":"Sani"},{"name":"thread","value":"2560@Sani.main(1)"},{"name":"feature","value":"BookCart Registration page"},{"name":"story","value":"User is able to register successfully"},{"name":"suite","value":"BookCart Registration page"},{"name":"testClass","value":"User is able to register successfully"},{"name":"framework","value":"cucumber4jvm"},{"name":"language","value":"java"},{"name":"gherkin_uri","value":"file:///C:/Users/sanim/JavaPrograms/CucumberBasics/src/test/java/features/Register.feature"},{"name":"package","value":"src.test.java.features.Register_feature.BookCart Registration page"}],"links":[],"name":"User is able to register successfully","status":"failed","statusDetails":{"known":false,"muted":false,"flaky":false,"message":"expected [Register] but found [Login]","trace":"java.lang.AssertionError: expected [Register] but found [Login]\r\n\tat org.testng.Assert.fail(Assert.java:111)\r\n\tat org.testng.Assert.failNotEquals(Assert.java:1578)\r\n\tat org.testng.Assert.assertEqualsImpl(Assert.java:150)\r\n\tat org.testng.Assert.assertEquals(Assert.java:132)\r\n\tat org.testng.Assert.assertEquals(Assert.java:656)\r\n\tat org.testng.Assert.assertEquals(Assert.java:666)\r\n\tat steps.Registerpage.login_page_should_display(Registerpage.java:107)\r\n\tat ✽.Login page should display(file:///C:/Users/sanim/JavaPrograms/CucumberBasics/src/test/java/features/Register.feature:27)\r\n"},"stage":"finished","steps":[{"name":"And Clicks on Login button and then clicks on Register button","status":"passed","statusDetails":{"known":false,"muted":false,"flaky":false},"stage":"finished","steps":[],"attachments":[],"parameters":[],"start":1742140865413,"stop":1742140874982},{"name":"steps.HooksClass.addScreenshot(io.cucumber.java.Scenario)","status":"passed","statusDetails":{"known":false,"muted":false,"flaky":false},"stage":"finished","steps":[],"attachments":[],"parameters":[],"start":1742140874983,"stop":1742140874986},{"name":"When User enters FirstName, LastName, UserName, Password, ConfirmPwd, selects Gender","status":"passed","statusDetails":{"known":false,"muted":false,"flaky":false},"stage":"finished","steps":[],"attachments":[],"parameters":[],"start":1742140874987,"stop":1742140876344},{"name":"steps.HooksClass.addScreenshot(io.cucumber.java.Scenario)","status":"passed","statusDetails":{"known":false,"muted":false,"flaky":false},"stage":"finished","steps":[],"attachments":[],"parameters":[],"start":1742140876344,"stop":1742140876344},{"name":"And clicks on Register button","status":"passed","statusDetails":{"known":false,"muted":false,"flaky":false},"stage":"finished","steps":[],"attachments":[],"parameters":[],"start":1742140876345,"stop":1742140882029},{"name":"steps.HooksClass.addScreenshot(io.cucumber.java.Scenario)","status":"passed","statusDetails":{"known":false,"muted":false,"flaky":false},"stage":"finished","steps":[],"attachments":[],"parameters":[],"start":1742140882029,"stop":1742140882029},{"name":"Then Login page should display","status":"failed","statusDetails":{"known":false,"muted":false,"flaky":false,"message":"expected [Register] but found [Login]","trace":"java.lang.AssertionError: expected [Register] but found [Login]\r\n\tat org.testng.Assert.fail(Assert.java:111)\r\n\tat org.testng.Assert.failNotEquals(Assert.java:1578)\r\n\tat org.testng.Assert.assertEqualsImpl(Assert.java:150)\r\n\tat org.testng.Assert.assertEquals(Assert.java:132)\r\n\tat org.testng.Assert.assertEquals(Assert.java:656)\r\n\tat org.testng.Assert.assertEquals(Assert.java:666)\r\n\tat steps.Registerpage.login_page_should_display(Registerpage.java:107)\r\n\tat ✽.Login page should display(file:///C:/Users/sanim/JavaPrograms/CucumberBasics/src/test/java/features/Register.feature:27)\r\n"},"stage":"finished","steps":[],"attachments":[],"parameters":[],"start":1742140882029,"stop":1742140882084},{"name":"steps.HooksClass.addScreenshot(io.cucumber.java.Scenario)","status":"passed","statusDetails":{"known":false,"muted":false,"flaky":false},"stage":"finished","steps":[],"attachments":[{"name":"screenshot","source":"f74a219f-47cf-499d-95c0-fd7202f6f5c4-attachment","type":"image/png"}],"parameters":[],"start":1742140882086,"stop":1742140882262}],"attachments":[],"parameters":[],"start":1742140851025,"stop":1742140882717}