<?xml version="1.0" encoding="UTF-8"?>
<testng-results ignored="0" total="2" passed="0" failed="2" skipped="0">
  <reporter-output>
  </reporter-output>
  <suite started-at="2025-03-02T16:48:01 GMT" name="Default suite" finished-at="2025-03-02T16:48:27 GMT" duration-ms="25288">
    <groups>
      <group name="cucumber">
        <method signature="AbstractTestNGCucumberTests.runScenario(io.cucumber.testng.PickleWrapper,io.cucumber.testng.FeatureWrapper)[pri:0, instance:runner.Runner@1bb5a082]" name="runScenario" class="io.cucumber.testng.AbstractTestNGCucumberTests"/>
      </group> <!-- cucumber -->
    </groups>
    <test started-at="2025-03-02T16:48:01 GMT" name="Default test" finished-at="2025-03-02T16:48:27 GMT" duration-ms="25288">
      <class name="runner.Runner">
        <test-method is-config="true" signature="setUpClass(org.testng.ITestContext)[pri:0, instance:runner.Runner@1bb5a082]" started-at="2025-03-02T16:48:01 GMT" name="setUpClass" finished-at="2025-03-02T16:48:02 GMT" duration-ms="186" status="PASS">
          <params>
            <param index="0">
              <value>
                <![CDATA[org.testng.TestRunner@6de30571]]>
              </value>
            </param>
          </params>
          <reporter-output>
          </reporter-output>
        </test-method> <!-- setUpClass -->
        <test-method signature="runScenario(io.cucumber.testng.PickleWrapper,io.cucumber.testng.FeatureWrapper)[pri:0, instance:runner.Runner@1bb5a082]" started-at="2025-03-02T16:48:02 GMT" name="runScenario" description="Runs Cucumber Scenarios" data-provider="scenarios" finished-at="2025-03-02T16:48:08 GMT" duration-ms="6787" status="FAIL">
          <params>
            <param index="0">
              <value>
                <![CDATA["User is able to Login successfully"]]>
              </value>
            </param>
            <param index="1">
              <value>
                <![CDATA["BookCart Login page"]]>
              </value>
            </param>
          </params>
          <exception class="java.lang.NullPointerException">
            <message>
              <![CDATA[Cannot invoke "org.openqa.selenium.WebDriver.findElement(org.openqa.selenium.By)" because "this.driver" is null]]>
            </message>
            <full-stacktrace>
              <![CDATA[java.lang.NullPointerException: Cannot invoke "org.openqa.selenium.WebDriver.findElement(org.openqa.selenium.By)" because "this.driver" is null
at steps.Loginpage.clicks_on_login_button(Loginpage.java:18)
at ✽.Clicks on Login button(file:///C:/Users/sanim/JavaPrograms/CucumberBasics/src/test/java/features/Login.feature:24)
]]>
            </full-stacktrace>
          </exception> <!-- java.lang.NullPointerException -->
          <reporter-output>
          </reporter-output>
        </test-method> <!-- runScenario -->
        <test-method signature="runScenario(io.cucumber.testng.PickleWrapper,io.cucumber.testng.FeatureWrapper)[pri:0, instance:runner.Runner@1bb5a082]" started-at="2025-03-02T16:48:08 GMT" name="runScenario" description="Runs Cucumber Scenarios" data-provider="scenarios" finished-at="2025-03-02T16:48:27 GMT" duration-ms="18233" status="FAIL">
          <params>
            <param index="0">
              <value>
                <![CDATA["User is able to register successfully"]]>
              </value>
            </param>
            <param index="1">
              <value>
                <![CDATA["BookCart Registration page"]]>
              </value>
            </param>
          </params>
          <exception class="java.lang.AssertionError">
            <message>
              <![CDATA[expected [Register] but found [Login]]]>
            </message>
            <full-stacktrace>
              <![CDATA[java.lang.AssertionError: expected [Register] but found [Login]
at org.testng.Assert.fail(Assert.java:110)
at org.testng.Assert.failNotEquals(Assert.java:1413)
at org.testng.Assert.assertEqualsImpl(Assert.java:149)
at org.testng.Assert.assertEquals(Assert.java:131)
at org.testng.Assert.assertEquals(Assert.java:655)
at org.testng.Assert.assertEquals(Assert.java:665)
at steps.Registerpage.login_page_should_display(Registerpage.java:64)
at ✽.Login page should display(file:///C:/Users/sanim/JavaPrograms/CucumberBasics/src/test/java/features/Register.feature:27)
]]>
            </full-stacktrace>
          </exception> <!-- java.lang.AssertionError -->
          <reporter-output>
          </reporter-output>
        </test-method> <!-- runScenario -->
        <test-method is-config="true" signature="tearDownClass()[pri:0, instance:runner.Runner@1bb5a082]" started-at="2025-03-02T16:48:27 GMT" name="tearDownClass" finished-at="2025-03-02T16:48:27 GMT" duration-ms="27" status="PASS">
          <reporter-output>
          </reporter-output>
        </test-method> <!-- tearDownClass -->
      </class> <!-- runner.Runner -->
    </test> <!-- Default test -->
  </suite> <!-- Default suite -->
</testng-results>
